<?xml version="1.0" encoding="UTF-8"?>
<!-- Generated by org.testng.reporters.JUnitXMLReporter -->
<testsuite hostname="BDC4-D-CPYCH92" ignored="0" name="Test" tests="4" failures="0" timestamp="2019-11-07T11:23:46 IST" time="37.539" errors="0">
  <testcase name="Test1" time="0.014" classname="Testng2.NewTest2"/>
  <testcase name="Test2" time="0.001" classname="Testng2.NewTest2"/>
  <testcase name="Test3" time="0.002" classname="Testng2.NewTest2"/>
  <testcase name="testHDFCLink" time="37.454" classname="SeleniumPro.StaticDropDown"/>
</testsuite> <!-- Test -->
