<?xml version="1.0" encoding="UTF-8"?>
<testng-results skipped="0" failed="0" ignored="0" total="2" passed="2">
  <reporter-output>
  </reporter-output>
  <suite name="Default suite" duration-ms="37127" started-at="2019-11-08T11:27:40 IST" finished-at="2019-11-08T11:28:17 IST">
    <groups>
    </groups>
    <test name="Default test" duration-ms="37127" started-at="2019-11-08T11:27:40 IST" finished-at="2019-11-08T11:28:17 IST">
      <class name="SeleniumTests.DemoWebShopTest">
        <test-method status="PASS" signature="beforeClass()[pri:0, instance:SeleniumTests.DemoWebShopTest@614ddd49]" name="beforeClass" is-config="true" duration-ms="21280" started-at="2019-11-08T11:27:40 IST" finished-at="2019-11-08T11:28:01 IST">
          <reporter-output>
          </reporter-output>
        </test-method> <!-- beforeClass -->
        <test-method status="PASS" signature="testRegister()[pri:0, instance:SeleniumTests.DemoWebShopTest@614ddd49]" name="testRegister" duration-ms="6298" started-at="2019-11-08T11:28:02 IST" finished-at="2019-11-08T11:28:08 IST">
          <reporter-output>
          </reporter-output>
        </test-method> <!-- testRegister -->
        <test-method status="PASS" signature="testLogin()[pri:0, instance:SeleniumTests.DemoWebShopTest@614ddd49]" name="testLogin" duration-ms="7746" started-at="2019-11-08T11:28:08 IST" depends-on-methods="SeleniumTests.DemoWebShopTest.testRegister" finished-at="2019-11-08T11:28:16 IST">
          <reporter-output>
          </reporter-output>
        </test-method> <!-- testLogin -->
        <test-method status="PASS" signature="afterClass()[pri:0, instance:SeleniumTests.DemoWebShopTest@614ddd49]" name="afterClass" is-config="true" duration-ms="1728" started-at="2019-11-08T11:28:16 IST" finished-at="2019-11-08T11:28:17 IST">
          <reporter-output>
          </reporter-output>
        </test-method> <!-- afterClass -->
      </class> <!-- SeleniumTests.DemoWebShopTest -->
    </test> <!-- Default test -->
  </suite> <!-- Default suite -->
</testng-results>
